# JRE version: OpenJDK Runtime Environment Temurin-21.0.9+10 (21.0.9+10) (build 21.0.9+10-LTS)
# Java VM: OpenJDK 64-Bit Server VM Temurin-21.0.9+10 (21.0.9+10-LTS, mixed mode, sharing, tiered, compressed oops, compressed class ptrs, g1 gc, windows-amd64)
GC Precious Log:
 CardTable entry size: 512
 Card Set container configuration: InlinePtr #cards 4 size 8 Array Of Cards #cards 16 size 48 Howl #buckets 8 coarsen threshold 3686 Howl Bitmap #cards 512 size 80 coarsen threshold 460 Card regions per heap region 1 cards per card region 4096
 CPUs: 12 total, 12 available
 Memory: 16110M
 Large Page Support: Disabled
 NUMA Support: Disabled
 Compressed Oops: Enabled (Zero based)
 Heap Region Size: 2M
 Heap Min Capacity: 8M
 Heap Initial Capacity: 252M
 Heap Max Capacity: 4G
 Pre-touch: Disabled
 Parallel Workers: 10
 Concurrent Workers: 3
 Concurrent Refinement Workers: 10
 Periodic GC: Disabled
Heap:
 garbage-first heap   total 294912K, used 84800K [0x0000000700000000, 0x0000000800000000)
  region size 2048K, 1 young (2048K), 1 survivors (2048K)
 Metaspace       used 116122K, committed 117056K, reserved 1179648K
  class space    used 14100K, committed 14528K, reserved 1048576K
GC Heap History (20 events):
Event: 14.605 GC heap after
{Heap after GC invocations=27 (full 0):
 garbage-first heap   total 243712K, used 70031K [0x0000000700000000, 0x0000000800000000)
  region size 2048K, 6 young (12288K), 6 survivors (12288K)
 Metaspace       used 114201K, committed 115200K, reserved 1179648K
  class space    used 13938K, committed 14400K, reserved 1048576K
}
Event: 15.235 GC heap before
{Heap before GC invocations=27 (full 0):
 garbage-first heap   total 243712K, used 233871K [0x0000000700000000, 0x0000000800000000)
  region size 2048K, 71 young (145408K), 6 survivors (12288K)
 Metaspace       used 114685K, committed 115648K, reserved 1179648K
  class space    used 13938K, committed 14400K, reserved 1048576K
}
Event: 15.239 GC heap after
{Heap after GC invocations=28 (full 0):
 garbage-first heap   total 251904K, used 71237K [0x0000000700000000, 0x0000000800000000)
  region size 2048K, 6 young (12288K), 6 survivors (12288K)
 Metaspace       used 114685K, committed 115648K, reserved 1179648K
  class space    used 13938K, committed 14400K, reserved 1048576K
}
Event: 15.892 GC heap before
{Heap before GC invocations=28 (full 0):
 garbage-first heap   total 251904K, used 239173K [0x0000000700000000, 0x0000000800000000)
  region size 2048K, 73 young (149504K), 6 survivors (12288K)
 Metaspace       used 115151K, committed 116160K, reserved 1179648K
  class space    used 14008K, committed 14464K, reserved 1048576K
}
Event: 15.896 GC heap after
{Heap after GC invocations=29 (full 0):
 garbage-first heap   total 258048K, used 73256K [0x0000000700000000, 0x0000000800000000)
  region size 2048K, 7 young (14336K), 7 survivors (14336K)
 Metaspace       used 115151K, committed 116160K, reserved 1179648K
  class space    used 14008K, committed 14464K, reserved 1048576K
}
Event: 16.473 GC heap before
{Heap before GC invocations=29 (full 0):
 garbage-first heap   total 258048K, used 245288K [0x0000000700000000, 0x0000000800000000)
  region size 2048K, 75 young (153600K), 7 survivors (14336K)
 Metaspace       used 115210K, committed 116224K, reserved 1179648K
  class space    used 14008K, committed 14464K, reserved 1048576K
}
Event: 16.477 GC heap after
{Heap after GC invocations=30 (full 0):
 garbage-first heap   total 262144K, used 75469K [0x0000000700000000, 0x0000000800000000)
  region size 2048K, 6 young (12288K), 6 survivors (12288K)
 Metaspace       used 115210K, committed 116224K, reserved 1179648K
  class space    used 14008K, committed 14464K, reserved 1048576K
}
Event: 17.113 GC heap before
{Heap before GC invocations=30 (full 0):
 garbage-first heap   total 262144K, used 249549K [0x0000000700000000, 0x0000000800000000)
  region size 2048K, 76 young (155648K), 6 survivors (12288K)
 Metaspace       used 115321K, committed 116288K, reserved 1179648K
  class space    used 14009K, committed 14464K, reserved 1048576K
}
Event: 17.117 GC heap after
{Heap after GC invocations=31 (full 0):
 garbage-first heap   total 266240K, used 76602K [0x0000000700000000, 0x0000000800000000)
  region size 2048K, 6 young (12288K), 6 survivors (12288K)
 Metaspace       used 115321K, committed 116288K, reserved 1179648K
  class space    used 14009K, committed 14464K, reserved 1048576K
}
Event: 17.785 GC heap before
{Heap before GC invocations=31 (full 0):
 garbage-first heap   total 266240K, used 262970K [0x0000000700000000, 0x0000000800000000)
  region size 2048K, 78 young (159744K), 6 survivors (12288K)
 Metaspace       used 115354K, committed 116352K, reserved 1179648K
  class space    used 14009K, committed 14464K, reserved 1048576K
}
Event: 18.173 GC heap after
{Heap after GC invocations=32 (full 0):
 garbage-first heap   total 282624K, used 79013K [0x0000000700000000, 0x0000000800000000)
  region size 2048K, 7 young (14336K), 7 survivors (14336K)
 Metaspace       used 115354K, committed 116352K, reserved 1179648K
  class space    used 14009K, committed 14464K, reserved 1048576K
}
Event: 18.354 GC heap before
{Heap before GC invocations=32 (full 0):
 garbage-first heap   total 282624K, used 130213K [0x0000000700000000, 0x0000000800000000)
  region size 2048K, 28 young (57344K), 7 survivors (14336K)
 Metaspace       used 115389K, committed 116416K, reserved 1179648K
  class space    used 14009K, committed 14464K, reserved 1048576K
}
Event: 18.357 GC heap after
{Heap after GC invocations=33 (full 0):
 garbage-first heap   total 282624K, used 78881K [0x0000000700000000, 0x0000000800000000)
  region size 2048K, 2 young (4096K), 2 survivors (4096K)
 Metaspace       used 115389K, committed 116416K, reserved 1179648K
  class space    used 14009K, committed 14464K, reserved 1048576K
}
Event: 19.033 GC heap before
{Heap before GC invocations=33 (full 0):
 garbage-first heap   total 282624K, used 273441K [0x0000000700000000, 0x0000000800000000)
  region size 2048K, 82 young (167936K), 2 survivors (4096K)
 Metaspace       used 115503K, committed 116480K, reserved 1179648K
  class space    used 14010K, committed 14464K, reserved 1048576K
}
Event: 19.036 GC heap after
{Heap after GC invocations=34 (full 0):
 garbage-first heap   total 284672K, used 82186K [0x0000000700000000, 0x0000000800000000)
  region size 2048K, 4 young (8192K), 4 survivors (8192K)
 Metaspace       used 115503K, committed 116480K, reserved 1179648K
  class space    used 14010K, committed 14464K, reserved 1048576K
}
Event: 19.674 GC heap before
{Heap before GC invocations=34 (full 0):
 garbage-first heap   total 284672K, used 280842K [0x0000000700000000, 0x0000000800000000)
  region size 2048K, 82 young (167936K), 4 survivors (8192K)
 Metaspace       used 115521K, committed 116480K, reserved 1179648K
  class space    used 14010K, committed 14464K, reserved 1048576K
}
Event: 19.678 GC heap after
{Heap after GC invocations=35 (full 0):
 garbage-first heap   total 294912K, used 83416K [0x0000000700000000, 0x0000000800000000)
  region size 2048K, 5 young (10240K), 5 survivors (10240K)
 Metaspace       used 115521K, committed 116480K, reserved 1179648K
  class space    used 14010K, committed 14464K, reserved 1048576K
}
Event: 19.961 GC heap before
{Heap before GC invocations=35 (full 0):
 garbage-first heap   total 294912K, used 249304K [0x0000000700000000, 0x0000000800000000)
  region size 2048K, 86 young (176128K), 5 survivors (10240K)
 Metaspace       used 116118K, committed 117056K, reserved 1179648K
  class space    used 14099K, committed 14528K, reserved 1048576K
}
Event: 19.965 GC heap after
{Heap after GC invocations=36 (full 0):
 garbage-first heap   total 294912K, used 83303K [0x0000000700000000, 0x0000000800000000)
  region size 2048K, 5 young (10240K), 5 survivors (10240K)
 Metaspace       used 116118K, committed 117056K, reserved 1179648K
  class space    used 14099K, committed 14528K, reserved 1048576K
}
Event: 20.112 GC heap before
{Heap before GC invocations=36 (full 0):
 garbage-first heap   total 294912K, used 249191K [0x0000000700000000, 0x0000000800000000)
  region size 2048K, 86 young (176128K), 5 survivors (10240K)
 Metaspace       used 116122K, committed 117056K, reserved 1179648K
  class space    used 14100K, committed 14528K, reserved 1048576K
}

